1730484846.425812 client started (107081): version 3.5a, socket /tmp/tmux-1000/default, protocol 8
1730484846.425895 on Linux 6.6.58 #1-NixOS SMP PREEMPT_DYNAMIC Tue Oct 22 13:46:36 UTC 2024
1730484846.425908 using libevent 2.1.12-stable poll
1730484846.425932 using utf8proc 2.9.0
1730484846.425940 using ncurses 6.4 20221231
1730484846.426007 flags are 0x10010000
1730484846.426044 socket is /tmp/tmux-1000/default
1730484846.426077 trying connect
1730484846.426350 add peer 0x402e4a00: 6 ((nil))
1730484846.428030 sending message 111 to peer 0x402e4a00 (8 bytes)
1730484846.428103 sending message 111 to peer 0x402e4a00 (8 bytes)
1730484846.428126 sending message 101 to peer 0x402e4a00 (14 bytes)
1730484846.428140 sending message 109 to peer 0x402e4a00 (4 bytes)
1730484846.428153 sending message 102 to peer 0x402e4a00 (11 bytes)
1730484846.428171 sending message 108 to peer 0x402e4a00 (29 bytes)
1730484846.428192 sending message 112 to peer 0x402e4a00 (70 bytes)
1730484846.428204 sending message 112 to peer 0x402e4a00 (5 bytes)
1730484846.428216 sending message 112 to peer 0x402e4a00 (5 bytes)
1730484846.428234 sending message 112 to peer 0x402e4a00 (6 bytes)
1730484846.428255 sending message 112 to peer 0x402e4a00 (6 bytes)
1730484846.428272 sending message 112 to peer 0x402e4a00 (11 bytes)
1730484846.428284 sending message 112 to peer 0x402e4a00 (10 bytes)
1730484846.428293 sending message 112 to peer 0x402e4a00 (13 bytes)
1730484846.428301 sending message 112 to peer 0x402e4a00 (13 bytes)
1730484846.428310 sending message 112 to peer 0x402e4a00 (18 bytes)
1730484846.428318 sending message 112 to peer 0x402e4a00 (11 bytes)
1730484846.428327 sending message 112 to peer 0x402e4a00 (10 bytes)
1730484846.428335 sending message 112 to peer 0x402e4a00 (15 bytes)
1730484846.428344 sending message 112 to peer 0x402e4a00 (21 bytes)
1730484846.428352 sending message 112 to peer 0x402e4a00 (13 bytes)
1730484846.428361 sending message 112 to peer 0x402e4a00 (7 bytes)
1730484846.428369 sending message 112 to peer 0x402e4a00 (13 bytes)
1730484846.428378 sending message 112 to peer 0x402e4a00 (7 bytes)
1730484846.428386 sending message 112 to peer 0x402e4a00 (13 bytes)
1730484846.428395 sending message 112 to peer 0x402e4a00 (9 bytes)
1730484846.428403 sending message 112 to peer 0x402e4a00 (21 bytes)
1730484846.428412 sending message 112 to peer 0x402e4a00 (13 bytes)
1730484846.428421 sending message 112 to peer 0x402e4a00 (8 bytes)
1730484846.428429 sending message 112 to peer 0x402e4a00 (12 bytes)
1730484846.428438 sending message 112 to peer 0x402e4a00 (13 bytes)
1730484846.428446 sending message 112 to peer 0x402e4a00 (9 bytes)
1730484846.428454 sending message 112 to peer 0x402e4a00 (9 bytes)
1730484846.428463 sending message 112 to peer 0x402e4a00 (12 bytes)
1730484846.428471 sending message 112 to peer 0x402e4a00 (8 bytes)
1730484846.428480 sending message 112 to peer 0x402e4a00 (8 bytes)
1730484846.428499 sending message 112 to peer 0x402e4a00 (7 bytes)
1730484846.428519 sending message 112 to peer 0x402e4a00 (7 bytes)
1730484846.428537 sending message 112 to peer 0x402e4a00 (9 bytes)
1730484846.428550 sending message 112 to peer 0x402e4a00 (13 bytes)
1730484846.428564 sending message 112 to peer 0x402e4a00 (6 bytes)
1730484846.428584 sending message 112 to peer 0x402e4a00 (9 bytes)
1730484846.428603 sending message 112 to peer 0x402e4a00 (15 bytes)
1730484846.428619 sending message 112 to peer 0x402e4a00 (13 bytes)
1730484846.428635 sending message 112 to peer 0x402e4a00 (12 bytes)
1730484846.428650 sending message 112 to peer 0x402e4a00 (8 bytes)
1730484846.428665 sending message 112 to peer 0x402e4a00 (14 bytes)
1730484846.428682 sending message 112 to peer 0x402e4a00 (11 bytes)
1730484846.428697 sending message 112 to peer 0x402e4a00 (9 bytes)
1730484846.428712 sending message 112 to peer 0x402e4a00 (10 bytes)
1730484846.428727 sending message 112 to peer 0x402e4a00 (10 bytes)
1730484846.428743 sending message 112 to peer 0x402e4a00 (10 bytes)
1730484846.428781 sending message 112 to peer 0x402e4a00 (10 bytes)
1730484846.428802 sending message 112 to peer 0x402e4a00 (11 bytes)
1730484846.428834 sending message 112 to peer 0x402e4a00 (12 bytes)
1730484846.428843 sending message 112 to peer 0x402e4a00 (12 bytes)
1730484846.428851 sending message 112 to peer 0x402e4a00 (12 bytes)
1730484846.428860 sending message 112 to peer 0x402e4a00 (12 bytes)
1730484846.428869 sending message 112 to peer 0x402e4a00 (12 bytes)
1730484846.428878 sending message 112 to peer 0x402e4a00 (11 bytes)
1730484846.428886 sending message 112 to peer 0x402e4a00 (11 bytes)
1730484846.428894 sending message 112 to peer 0x402e4a00 (12 bytes)
1730484846.428903 sending message 112 to peer 0x402e4a00 (12 bytes)
1730484846.428911 sending message 112 to peer 0x402e4a00 (12 bytes)
1730484846.428919 sending message 112 to peer 0x402e4a00 (12 bytes)
1730484846.428928 sending message 112 to peer 0x402e4a00 (12 bytes)
1730484846.428936 sending message 112 to peer 0x402e4a00 (10 bytes)
1730484846.428945 sending message 112 to peer 0x402e4a00 (12 bytes)
1730484846.428953 sending message 112 to peer 0x402e4a00 (13 bytes)
1730484846.428962 sending message 112 to peer 0x402e4a00 (13 bytes)
1730484846.428970 sending message 112 to peer 0x402e4a00 (13 bytes)
1730484846.428978 sending message 112 to peer 0x402e4a00 (13 bytes)
1730484846.428987 sending message 112 to peer 0x402e4a00 (13 bytes)
1730484846.428995 sending message 112 to peer 0x402e4a00 (8 bytes)
1730484846.429004 sending message 112 to peer 0x402e4a00 (11 bytes)
1730484846.429013 sending message 112 to peer 0x402e4a00 (11 bytes)
1730484846.429021 sending message 112 to peer 0x402e4a00 (11 bytes)
1730484846.429030 sending message 112 to peer 0x402e4a00 (12 bytes)
1730484846.429038 sending message 112 to peer 0x402e4a00 (12 bytes)
1730484846.429046 sending message 112 to peer 0x402e4a00 (12 bytes)
1730484846.429055 sending message 112 to peer 0x402e4a00 (12 bytes)
1730484846.429063 sending message 112 to peer 0x402e4a00 (13 bytes)
1730484846.429072 sending message 112 to peer 0x402e4a00 (13 bytes)
1730484846.429080 sending message 112 to peer 0x402e4a00 (13 bytes)
1730484846.429088 sending message 112 to peer 0x402e4a00 (8 bytes)
1730484846.429097 sending message 112 to peer 0x402e4a00 (13 bytes)
1730484846.429106 sending message 112 to peer 0x402e4a00 (13 bytes)
1730484846.429114 sending message 112 to peer 0x402e4a00 (13 bytes)
1730484846.429123 sending message 112 to peer 0x402e4a00 (13 bytes)
1730484846.429131 sending message 112 to peer 0x402e4a00 (13 bytes)
1730484846.429140 sending message 112 to peer 0x402e4a00 (12 bytes)
1730484846.429148 sending message 112 to peer 0x402e4a00 (12 bytes)
1730484846.429157 sending message 112 to peer 0x402e4a00 (12 bytes)
1730484846.429165 sending message 112 to peer 0x402e4a00 (12 bytes)
1730484846.429174 sending message 112 to peer 0x402e4a00 (13 bytes)
1730484846.429182 sending message 112 to peer 0x402e4a00 (8 bytes)
1730484846.429191 sending message 112 to peer 0x402e4a00 (13 bytes)
1730484846.429199 sending message 112 to peer 0x402e4a00 (13 bytes)
1730484846.429211 sending message 112 to peer 0x402e4a00 (13 bytes)
1730484846.429236 sending message 112 to peer 0x402e4a00 (13 bytes)
1730484846.429244 sending message 112 to peer 0x402e4a00 (13 bytes)
1730484846.429253 sending message 112 to peer 0x402e4a00 (13 bytes)
1730484846.429261 sending message 112 to peer 0x402e4a00 (13 bytes)
1730484846.429270 sending message 112 to peer 0x402e4a00 (12 bytes)
1730484846.429278 sending message 112 to peer 0x402e4a00 (12 bytes)
1730484846.429287 sending message 112 to peer 0x402e4a00 (12 bytes)
1730484846.429296 sending message 112 to peer 0x402e4a00 (8 bytes)
1730484846.429304 sending message 112 to peer 0x402e4a00 (12 bytes)
1730484846.429313 sending message 112 to peer 0x402e4a00 (13 bytes)
1730484846.429321 sending message 112 to peer 0x402e4a00 (13 bytes)
1730484846.429330 sending message 112 to peer 0x402e4a00 (13 bytes)
1730484846.429338 sending message 112 to peer 0x402e4a00 (13 bytes)
1730484846.429347 sending message 112 to peer 0x402e4a00 (13 bytes)
1730484846.429355 sending message 112 to peer 0x402e4a00 (13 bytes)
1730484846.429373 sending message 112 to peer 0x402e4a00 (13 bytes)
1730484846.429382 sending message 112 to peer 0x402e4a00 (13 bytes)
1730484846.429390 sending message 112 to peer 0x402e4a00 (12 bytes)
1730484846.429399 sending message 112 to peer 0x402e4a00 (10 bytes)
1730484846.429407 sending message 112 to peer 0x402e4a00 (12 bytes)
1730484846.429416 sending message 112 to peer 0x402e4a00 (12 bytes)
1730484846.429424 sending message 112 to peer 0x402e4a00 (12 bytes)
1730484846.429433 sending message 112 to peer 0x402e4a00 (13 bytes)
1730484846.429441 sending message 112 to peer 0x402e4a00 (13 bytes)
1730484846.429451 sending message 112 to peer 0x402e4a00 (13 bytes)
1730484846.429459 sending message 112 to peer 0x402e4a00 (13 bytes)
1730484846.429467 sending message 112 to peer 0x402e4a00 (13 bytes)
1730484846.429476 sending message 112 to peer 0x402e4a00 (13 bytes)
1730484846.429484 sending message 112 to peer 0x402e4a00 (13 bytes)
1730484846.429493 sending message 112 to peer 0x402e4a00 (10 bytes)
1730484846.429502 sending message 112 to peer 0x402e4a00 (13 bytes)
1730484846.429511 sending message 112 to peer 0x402e4a00 (12 bytes)
1730484846.429519 sending message 112 to peer 0x402e4a00 (12 bytes)
1730484846.429528 sending message 112 to peer 0x402e4a00 (12 bytes)
1730484846.429537 sending message 112 to peer 0x402e4a00 (10 bytes)
1730484846.429547 sending message 112 to peer 0x402e4a00 (10 bytes)
1730484846.429556 sending message 112 to peer 0x402e4a00 (10 bytes)
1730484846.429564 sending message 112 to peer 0x402e4a00 (12 bytes)
1730484846.429572 sending message 112 to peer 0x402e4a00 (13 bytes)
1730484846.429581 sending message 112 to peer 0x402e4a00 (13 bytes)
1730484846.429589 sending message 112 to peer 0x402e4a00 (13 bytes)
1730484846.429598 sending message 112 to peer 0x402e4a00 (13 bytes)
1730484846.429606 sending message 112 to peer 0x402e4a00 (13 bytes)
1730484846.429615 sending message 112 to peer 0x402e4a00 (11 bytes)
1730484846.429623 sending message 112 to peer 0x402e4a00 (11 bytes)
1730484846.429632 sending message 112 to peer 0x402e4a00 (12 bytes)
1730484846.429641 sending message 112 to peer 0x402e4a00 (12 bytes)
1730484846.429650 sending message 112 to peer 0x402e4a00 (12 bytes)
1730484846.429658 sending message 112 to peer 0x402e4a00 (12 bytes)
1730484846.429667 sending message 112 to peer 0x402e4a00 (12 bytes)
1730484846.429675 sending message 112 to peer 0x402e4a00 (11 bytes)
1730484846.429684 sending message 112 to peer 0x402e4a00 (12 bytes)
1730484846.429692 sending message 112 to peer 0x402e4a00 (12 bytes)
1730484846.429701 sending message 112 to peer 0x402e4a00 (13 bytes)
1730484846.429709 sending message 112 to peer 0x402e4a00 (13 bytes)
1730484846.429718 sending message 112 to peer 0x402e4a00 (13 bytes)
1730484846.429726 sending message 112 to peer 0x402e4a00 (13 bytes)
1730484846.429734 sending message 112 to peer 0x402e4a00 (13 bytes)
1730484846.429743 sending message 112 to peer 0x402e4a00 (10 bytes)
1730484846.429782 sending message 112 to peer 0x402e4a00 (9 bytes)
1730484846.429801 sending message 112 to peer 0x402e4a00 (12 bytes)
1730484846.429810 sending message 112 to peer 0x402e4a00 (13 bytes)
1730484846.429818 sending message 112 to peer 0x402e4a00 (13 bytes)
1730484846.429827 sending message 112 to peer 0x402e4a00 (13 bytes)
1730484846.429836 sending message 112 to peer 0x402e4a00 (13 bytes)
1730484846.429844 sending message 112 to peer 0x402e4a00 (13 bytes)
1730484846.429852 sending message 112 to peer 0x402e4a00 (9 bytes)
1730484846.429861 sending message 112 to peer 0x402e4a00 (12 bytes)
1730484846.429869 sending message 112 to peer 0x402e4a00 (13 bytes)
1730484846.429878 sending message 112 to peer 0x402e4a00 (13 bytes)
1730484846.429886 sending message 112 to peer 0x402e4a00 (13 bytes)
1730484846.429895 sending message 112 to peer 0x402e4a00 (13 bytes)
1730484846.429903 sending message 112 to peer 0x402e4a00 (13 bytes)
1730484846.429912 sending message 112 to peer 0x402e4a00 (11 bytes)
1730484846.429920 sending message 112 to peer 0x402e4a00 (12 bytes)
1730484846.429938 sending message 112 to peer 0x402e4a00 (13 bytes)
1730484846.429947 sending message 112 to peer 0x402e4a00 (13 bytes)
1730484846.429955 sending message 112 to peer 0x402e4a00 (13 bytes)
1730484846.429964 sending message 112 to peer 0x402e4a00 (13 bytes)
1730484846.429972 sending message 112 to peer 0x402e4a00 (13 bytes)
1730484846.429981 sending message 112 to peer 0x402e4a00 (11 bytes)
1730484846.429991 sending message 112 to peer 0x402e4a00 (12 bytes)
1730484846.429999 sending message 112 to peer 0x402e4a00 (12 bytes)
1730484846.430008 sending message 112 to peer 0x402e4a00 (12 bytes)
1730484846.430016 sending message 112 to peer 0x402e4a00 (12 bytes)
1730484846.430026 sending message 112 to peer 0x402e4a00 (12 bytes)
1730484846.430035 sending message 112 to peer 0x402e4a00 (21 bytes)
1730484846.430045 sending message 112 to peer 0x402e4a00 (12 bytes)
1730484846.430053 sending message 112 to peer 0x402e4a00 (9 bytes)
1730484846.430062 sending message 112 to peer 0x402e4a00 (6 bytes)
1730484846.430071 sending message 112 to peer 0x402e4a00 (13 bytes)
1730484846.430079 sending message 112 to peer 0x402e4a00 (8 bytes)
1730484846.430088 sending message 112 to peer 0x402e4a00 (15 bytes)
1730484846.430097 sending message 112 to peer 0x402e4a00 (13 bytes)
1730484846.430105 sending message 112 to peer 0x402e4a00 (9 bytes)
1730484846.430115 sending message 112 to peer 0x402e4a00 (70 bytes)
1730484846.430125 sending message 112 to peer 0x402e4a00 (69 bytes)
1730484846.430135 sending message 112 to peer 0x402e4a00 (10 bytes)
1730484846.430144 sending message 112 to peer 0x402e4a00 (10 bytes)
1730484846.430153 sending message 112 to peer 0x402e4a00 (8 bytes)
1730484846.430162 sending message 112 to peer 0x402e4a00 (15 bytes)
1730484846.430171 sending message 112 to peer 0x402e4a00 (13 bytes)
1730484846.430179 sending message 112 to peer 0x402e4a00 (10 bytes)
1730484846.430188 sending message 112 to peer 0x402e4a00 (10 bytes)
1730484846.430197 sending message 112 to peer 0x402e4a00 (17 bytes)
1730484846.430205 sending message 112 to peer 0x402e4a00 (10 bytes)
1730484846.430214 sending message 112 to peer 0x402e4a00 (13 bytes)
1730484846.430223 sending message 112 to peer 0x402e4a00 (9 bytes)
1730484846.430231 sending message 112 to peer 0x402e4a00 (5 bytes)
1730484846.430240 sending message 112 to peer 0x402e4a00 (15 bytes)
1730484846.430254 sending message 104 to peer 0x402e4a00 (0 bytes)
1730484846.430265 sending message 110 to peer 0x402e4a00 (0 bytes)
1730484846.430278 sending message 107 to peer 0x402e4a00 (4 bytes)
1730484846.430287 sending message 105 to peer 0x402e4a00 (33 bytes)
1730484846.430297 sending message 105 to peer 0x402e4a00 (60 bytes)
1730484846.430306 sending message 105 to peer 0x402e4a00 (33 bytes)
1730484846.430316 sending message 105 to peer 0x402e4a00 (20 bytes)
1730484846.430324 sending message 105 to peer 0x402e4a00 (25 bytes)
1730484846.430333 sending message 105 to peer 0x402e4a00 (11 bytes)
1730484846.430343 sending message 105 to peer 0x402e4a00 (565 bytes)
1730484846.430352 sending message 105 to peer 0x402e4a00 (12 bytes)
1730484846.430361 sending message 105 to peer 0x402e4a00 (23 bytes)
1730484846.430370 sending message 105 to peer 0x402e4a00 (54 bytes)
1730484846.430379 sending message 105 to peer 0x402e4a00 (20 bytes)
1730484846.430388 sending message 105 to peer 0x402e4a00 (26 bytes)
1730484846.430396 sending message 105 to peer 0x402e4a00 (14 bytes)
1730484846.430405 sending message 105 to peer 0x402e4a00 (20 bytes)
1730484846.430415 sending message 105 to peer 0x402e4a00 (19 bytes)
1730484846.430424 sending message 105 to peer 0x402e4a00 (91 bytes)
1730484846.430433 sending message 105 to peer 0x402e4a00 (19 bytes)
1730484846.430442 sending message 105 to peer 0x402e4a00 (49 bytes)
1730484846.430451 sending message 105 to peer 0x402e4a00 (19 bytes)
1730484846.430459 sending message 105 to peer 0x402e4a00 (95 bytes)
1730484846.430468 sending message 105 to peer 0x402e4a00 (17 bytes)
1730484846.430477 sending message 105 to peer 0x402e4a00 (15 bytes)
1730484846.430486 sending message 105 to peer 0x402e4a00 (87 bytes)
1730484846.430503 sending message 105 to peer 0x402e4a00 (230 bytes)
1730484846.430512 sending message 105 to peer 0x402e4a00 (18 bytes)
1730484846.430520 sending message 105 to peer 0x402e4a00 (18 bytes)
1730484846.430529 sending message 105 to peer 0x402e4a00 (58 bytes)
1730484846.430539 sending message 105 to peer 0x402e4a00 (29 bytes)
1730484846.430548 sending message 105 to peer 0x402e4a00 (62 bytes)
1730484846.430557 sending message 105 to peer 0x402e4a00 (49 bytes)
1730484846.430566 sending message 105 to peer 0x402e4a00 (38 bytes)
1730484846.430574 sending message 105 to peer 0x402e4a00 (51 bytes)
1730484846.430584 sending message 105 to peer 0x402e4a00 (242 bytes)
1730484846.430592 sending message 105 to peer 0x402e4a00 (22 bytes)
1730484846.430601 sending message 105 to peer 0x402e4a00 (443 bytes)
1730484846.430610 sending message 105 to peer 0x402e4a00 (20 bytes)
1730484846.430619 sending message 105 to peer 0x402e4a00 (104 bytes)
1730484846.430628 sending message 105 to peer 0x402e4a00 (30 bytes)
1730484846.430637 sending message 105 to peer 0x402e4a00 (52 bytes)
1730484846.430645 sending message 105 to peer 0x402e4a00 (31 bytes)
1730484846.430654 sending message 105 to peer 0x402e4a00 (27 bytes)
1730484846.430664 sending message 105 to peer 0x402e4a00 (19 bytes)
1730484846.430673 sending message 105 to peer 0x402e4a00 (38 bytes)
1730484846.430682 sending message 105 to peer 0x402e4a00 (23 bytes)
1730484846.430691 sending message 105 to peer 0x402e4a00 (182 bytes)
1730484846.430700 sending message 105 to peer 0x402e4a00 (273 bytes)
1730484846.430709 sending message 105 to peer 0x402e4a00 (90 bytes)
1730484846.430718 sending message 105 to peer 0x402e4a00 (25 bytes)
1730484846.430726 sending message 105 to peer 0x402e4a00 (20 bytes)
1730484846.430735 sending message 105 to peer 0x402e4a00 (84 bytes)
1730484846.430743 sending message 105 to peer 0x402e4a00 (17 bytes)
1730484846.430891 sending message 105 to peer 0x402e4a00 (8 bytes)
1730484846.430908 sending message 105 to peer 0x402e4a00 (61 bytes)
1730484846.430917 sending message 105 to peer 0x402e4a00 (732 bytes)
1730484846.430928 sending message 105 to peer 0x402e4a00 (64 bytes)
1730484846.430950 sending message 105 to peer 0x402e4a00 (15 bytes)
1730484846.430959 sending message 105 to peer 0x402e4a00 (26 bytes)
1730484846.430967 sending message 105 to peer 0x402e4a00 (62 bytes)
1730484846.430976 sending message 105 to peer 0x402e4a00 (13 bytes)
1730484846.430985 sending message 105 to peer 0x402e4a00 (64 bytes)
1730484846.430994 sending message 105 to peer 0x402e4a00 (193 bytes)
1730484846.431002 sending message 105 to peer 0x402e4a00 (85 bytes)
1730484846.431011 sending message 105 to peer 0x402e4a00 (23 bytes)
1730484846.431019 sending message 105 to peer 0x402e4a00 (31 bytes)
1730484846.431028 sending message 105 to peer 0x402e4a00 (31 bytes)
1730484846.431036 sending message 105 to peer 0x402e4a00 (18 bytes)
1730484846.431045 sending message 105 to peer 0x402e4a00 (11 bytes)
1730484846.431054 sending message 105 to peer 0x402e4a00 (29 bytes)
1730484846.431063 sending message 105 to peer 0x402e4a00 (43 bytes)
1730484846.431072 sending message 105 to peer 0x402e4a00 (24 bytes)
1730484846.431080 sending message 105 to peer 0x402e4a00 (25 bytes)
1730484846.431088 sending message 105 to peer 0x402e4a00 (38 bytes)
1730484846.431097 sending message 105 to peer 0x402e4a00 (11 bytes)
1730484846.431105 sending message 105 to peer 0x402e4a00 (20 bytes)
1730484846.431113 sending message 105 to peer 0x402e4a00 (60 bytes)
1730484846.431122 sending message 105 to peer 0x402e4a00 (36 bytes)
1730484846.431130 sending message 105 to peer 0x402e4a00 (35 bytes)
1730484846.431139 sending message 105 to peer 0x402e4a00 (21 bytes)
1730484846.431154 sending message 105 to peer 0x402e4a00 (17 bytes)
1730484846.431163 sending message 105 to peer 0x402e4a00 (21 bytes)
1730484846.431171 sending message 105 to peer 0x402e4a00 (29 bytes)
1730484846.431180 sending message 105 to peer 0x402e4a00 (15 bytes)
1730484846.431188 sending message 105 to peer 0x402e4a00 (26 bytes)
1730484846.431207 sending message 105 to peer 0x402e4a00 (21 bytes)
1730484846.431216 sending message 105 to peer 0x402e4a00 (43 bytes)
1730484846.431224 sending message 105 to peer 0x402e4a00 (21 bytes)
1730484846.431232 sending message 105 to peer 0x402e4a00 (31 bytes)
1730484846.431241 sending message 105 to peer 0x402e4a00 (35 bytes)
1730484846.431249 sending message 105 to peer 0x402e4a00 (38 bytes)
1730484846.431258 sending message 105 to peer 0x402e4a00 (316 bytes)
1730484846.431267 sending message 105 to peer 0x402e4a00 (877 bytes)
1730484846.431276 sending message 105 to peer 0x402e4a00 (15 bytes)
1730484846.431284 sending message 105 to peer 0x402e4a00 (83 bytes)
1730484846.431293 sending message 105 to peer 0x402e4a00 (53 bytes)
1730484846.431302 sending message 105 to peer 0x402e4a00 (278 bytes)
1730484846.431326 sending message 105 to peer 0x402e4a00 (72 bytes)
1730484846.431335 sending message 105 to peer 0x402e4a00 (53 bytes)
1730484846.431344 sending message 105 to peer 0x402e4a00 (20 bytes)
1730484846.431353 sending message 106 to peer 0x402e4a00 (0 bytes)
1730484846.431628 sending message 200 to peer 0x402e4a00 (4 bytes)
1730484846.431651 client loop enter
1730484846.438780 peer 0x402e4a00 message 303
1730484846.438843 open write file 2 -
1730484846.438864 sending message 305 to peer 0x402e4a00 (8 bytes)
1730484846.438906 write check file 2
1730484846.439182 peer 0x402e4a00 message 304
1730484846.439194 write 58 to file 2
1730484846.439204 peer 0x402e4a00 message 203
1730484846.439210 file 2 58 bytes left
1730484846.439239 write check file 2
1730484846.439245 client loop exit
